2020-10-18 18:55:12.344  INFO 6392 --- [http-nio-8080-exec-1] o.a.c.c.C.[Tomcat].[localhost].[/]       : Initializing Spring DispatcherServlet 'dispatcherServlet'
2020-10-18 18:55:12.345  INFO 6392 --- [http-nio-8080-exec-1] o.s.web.servlet.DispatcherServlet        : Initializing Servlet 'dispatcherServlet'
2020-10-18 18:55:12.359  INFO 6392 --- [http-nio-8080-exec-1] o.s.web.servlet.DispatcherServlet        : Completed initialization in 13 ms
2020-10-18 18:55:12.386 ERROR 6392 --- [http-nio-8080-exec-1] c.bolsavalores.security.TokenAuthFilter  : Token inválido. 
2020-10-18 19:11:40.554 ERROR 6392 --- [http-nio-8080-exec-9] c.bolsavalores.security.TokenAuthFilter  : Token inválido. 
2020-10-18 19:11:52.268 ERROR 6392 --- [http-nio-8080-exec-4] c.bolsavalores.security.TokenAuthFilter  : Token inválido. 
2020-10-18 19:12:20.085 ERROR 6392 --- [http-nio-8080-exec-8] c.bolsavalores.security.TokenAuthFilter  : Token inválido. 
2020-10-18 19:17:02.423 ERROR 6392 --- [http-nio-8080-exec-10] c.bolsavalores.security.TokenAuthFilter  : Token inválido. 
2020-10-18 19:18:29.550 ERROR 6392 --- [http-nio-8080-exec-3] c.bolsavalores.security.TokenAuthFilter  : Token inválido. 
2020-10-18 19:18:38.346 ERROR 6392 --- [http-nio-8080-exec-7] c.bolsavalores.security.TokenAuthFilter  : Token inválido. 
2020-10-18 19:20:15.305  INFO 6392 --- [Thread-7] o.s.s.concurrent.ThreadPoolTaskExecutor  : Shutting down ExecutorService 'applicationTaskExecutor'
2020-10-18 19:20:15.308  INFO 6392 --- [Thread-7] j.LocalContainerEntityManagerFactoryBean : Closing JPA EntityManagerFactory for persistence unit 'default'
2020-10-18 19:20:15.313  INFO 6392 --- [Thread-7] com.zaxxer.hikari.HikariDataSource       : HikariPool-1 - Shutdown initiated...
2020-10-18 19:20:15.338  INFO 6392 --- [Thread-7] com.zaxxer.hikari.HikariDataSource       : HikariPool-1 - Shutdown completed.
2020-10-18 19:20:15.729  INFO 6392 --- [restartedMain] com.bolsavalores.StockmarketApplication  : Starting StockmarketApplication on bruno-PC with PID 6392 (started by bruno in C:\Users\bruno\Documents\Ambiente Desenvolvimento\Workspaces\Workspace - Bolsa de Valores\stockmarket-manager)
2020-10-18 19:20:15.729  INFO 6392 --- [restartedMain] com.bolsavalores.StockmarketApplication  : No active profile set, falling back to default profiles: default
2020-10-18 19:20:16.268  INFO 6392 --- [restartedMain] .s.d.r.c.RepositoryConfigurationDelegate : Bootstrapping Spring Data repositories in DEFAULT mode.
2020-10-18 19:20:16.330  INFO 6392 --- [restartedMain] .s.d.r.c.RepositoryConfigurationDelegate : Finished Spring Data repository scanning in 61ms. Found 8 repository interfaces.
2020-10-18 19:20:16.891  INFO 6392 --- [restartedMain] trationDelegate$BeanPostProcessorChecker : Bean 'org.springframework.transaction.annotation.ProxyTransactionManagementConfiguration' of type [org.springframework.transaction.annotation.ProxyTransactionManagementConfiguration$$EnhancerBySpringCGLIB$$3b9f3439] is not eligible for getting processed by all BeanPostProcessors (for example: not eligible for auto-proxying)
2020-10-18 19:20:16.899  INFO 6392 --- [restartedMain] trationDelegate$BeanPostProcessorChecker : Bean 'org.springframework.security.config.annotation.configuration.ObjectPostProcessorConfiguration' of type [org.springframework.security.config.annotation.configuration.ObjectPostProcessorConfiguration$$EnhancerBySpringCGLIB$$d44cfc73] is not eligible for getting processed by all BeanPostProcessors (for example: not eligible for auto-proxying)
2020-10-18 19:20:16.902  INFO 6392 --- [restartedMain] trationDelegate$BeanPostProcessorChecker : Bean 'objectPostProcessor' of type [org.springframework.security.config.annotation.configuration.AutowireBeanFactoryObjectPostProcessor] is not eligible for getting processed by all BeanPostProcessors (for example: not eligible for auto-proxying)
2020-10-18 19:20:16.903  INFO 6392 --- [restartedMain] trationDelegate$BeanPostProcessorChecker : Bean 'org.springframework.security.access.expression.method.DefaultMethodSecurityExpressionHandler@4a4c6f13' of type [org.springframework.security.access.expression.method.DefaultMethodSecurityExpressionHandler] is not eligible for getting processed by all BeanPostProcessors (for example: not eligible for auto-proxying)
2020-10-18 19:20:16.905  INFO 6392 --- [restartedMain] trationDelegate$BeanPostProcessorChecker : Bean 'org.springframework.security.config.annotation.method.configuration.GlobalMethodSecurityConfiguration' of type [org.springframework.security.config.annotation.method.configuration.GlobalMethodSecurityConfiguration$$EnhancerBySpringCGLIB$$f9219f25] is not eligible for getting processed by all BeanPostProcessors (for example: not eligible for auto-proxying)
2020-10-18 19:20:16.906  INFO 6392 --- [restartedMain] trationDelegate$BeanPostProcessorChecker : Bean 'methodSecurityMetadataSource' of type [org.springframework.security.access.method.DelegatingMethodSecurityMetadataSource] is not eligible for getting processed by all BeanPostProcessors (for example: not eligible for auto-proxying)
2020-10-18 19:20:17.069  INFO 6392 --- [restartedMain] o.s.b.w.embedded.tomcat.TomcatWebServer  : Tomcat initialized with port(s): 8080 (http)
2020-10-18 19:20:17.071  INFO 6392 --- [restartedMain] o.apache.catalina.core.StandardService   : Starting service [Tomcat]
2020-10-18 19:20:17.071  INFO 6392 --- [restartedMain] org.apache.catalina.core.StandardEngine  : Starting Servlet engine: [Apache Tomcat/9.0.16]
2020-10-18 19:20:17.091  INFO 6392 --- [restartedMain] o.a.c.c.C.[Tomcat].[localhost].[/]       : Initializing Spring embedded WebApplicationContext
2020-10-18 19:20:17.091  INFO 6392 --- [restartedMain] o.s.web.context.ContextLoader            : Root WebApplicationContext: initialization completed in 1356 ms
2020-10-18 19:20:17.187  INFO 6392 --- [restartedMain] com.zaxxer.hikari.HikariDataSource       : HikariPool-2 - Starting...
2020-10-18 19:20:17.577  INFO 6392 --- [restartedMain] com.zaxxer.hikari.HikariDataSource       : HikariPool-2 - Start completed.
2020-10-18 19:20:17.596  INFO 6392 --- [restartedMain] o.hibernate.jpa.internal.util.LogHelper  : HHH000204: Processing PersistenceUnitInfo [
	name: default
	...]
2020-10-18 19:20:17.650  INFO 6392 --- [restartedMain] org.hibernate.dialect.Dialect            : HHH000400: Using dialect: org.hibernate.dialect.PostgreSQL95Dialect
2020-10-18 19:20:17.752  INFO 6392 --- [restartedMain] o.h.e.j.e.i.LobCreatorBuilderImpl        : HHH000421: Disabling contextual LOB creation as hibernate.jdbc.lob.non_contextual_creation is true
2020-10-18 19:20:17.753  INFO 6392 --- [restartedMain] org.hibernate.type.BasicTypeRegistry     : HHH000270: Type registration [java.util.UUID] overrides previous : org.hibernate.type.UUIDBinaryType@309c6255
2020-10-18 19:20:18.347  INFO 6392 --- [restartedMain] j.LocalContainerEntityManagerFactoryBean : Initialized JPA EntityManagerFactory for persistence unit 'default'
2020-10-18 19:20:19.039  INFO 6392 --- [restartedMain] o.h.h.i.QueryTranslatorFactoryInitiator  : HHH000397: Using ASTQueryTranslatorFactory
2020-10-18 19:20:19.423  INFO 6392 --- [restartedMain] o.s.s.web.DefaultSecurityFilterChain     : Creating filter chain: OrRequestMatcher [requestMatchers=[Ant [pattern='/acoes/**', GET], Ant [pattern='/balancos/**', GET], Ant [pattern='/setores/**', GET], Ant [pattern='/empresas/**', GET], Ant [pattern='/usuarios/**', POST]]], []
2020-10-18 19:20:19.440  INFO 6392 --- [restartedMain] o.s.s.web.DefaultSecurityFilterChain     : Creating filter chain: any request, [org.springframework.security.web.context.request.async.WebAsyncManagerIntegrationFilter@17a3c433, org.springframework.security.web.context.SecurityContextPersistenceFilter@1857a8e7, org.springframework.security.web.header.HeaderWriterFilter@6bf9452b, org.springframework.web.filter.CorsFilter@799f185c, org.springframework.security.web.authentication.logout.LogoutFilter@d956fb5, com.bolsavalores.security.TokenAuthFilter@1a6078c6, org.springframework.security.web.authentication.www.BasicAuthenticationFilter@73f7be3, org.springframework.security.web.savedrequest.RequestCacheAwareFilter@1bc28616, org.springframework.security.web.servletapi.SecurityContextHolderAwareRequestFilter@3ab34858, org.springframework.security.web.authentication.AnonymousAuthenticationFilter@170e8bb4, org.springframework.security.web.session.SessionManagementFilter@7c19711a, org.springframework.security.web.access.ExceptionTranslationFilter@664cbb40, org.springframework.security.web.access.intercept.FilterSecurityInterceptor@5f662338]
2020-10-18 19:20:19.573  INFO 6392 --- [restartedMain] o.s.s.concurrent.ThreadPoolTaskExecutor  : Initializing ExecutorService 'applicationTaskExecutor'
2020-10-18 19:20:19.582  WARN 6392 --- [restartedMain] aWebConfiguration$JpaWebMvcConfiguration : spring.jpa.open-in-view is enabled by default. Therefore, database queries may be performed during view rendering. Explicitly configure spring.jpa.open-in-view to disable this warning
2020-10-18 19:20:19.735  INFO 6392 --- [restartedMain] o.s.b.d.a.OptionalLiveReloadServer       : LiveReload server is running on port 35729
2020-10-18 19:20:19.785  INFO 6392 --- [restartedMain] o.s.b.w.embedded.tomcat.TomcatWebServer  : Tomcat started on port(s): 8080 (http) with context path ''
2020-10-18 19:20:19.800  INFO 6392 --- [restartedMain] com.bolsavalores.StockmarketApplication  : Started StockmarketApplication in 4.112 seconds (JVM running for 1777.185)
2020-10-18 19:20:19.811  INFO 6392 --- [restartedMain] .ConditionEvaluationDeltaLoggingListener : Condition evaluation unchanged
2020-10-18 19:23:05.729  INFO 6392 --- [http-nio-8080-exec-3] o.a.c.c.C.[Tomcat].[localhost].[/]       : Initializing Spring DispatcherServlet 'dispatcherServlet'
2020-10-18 19:23:05.732  INFO 6392 --- [http-nio-8080-exec-3] o.s.web.servlet.DispatcherServlet        : Initializing Servlet 'dispatcherServlet'
2020-10-18 19:23:05.761  INFO 6392 --- [http-nio-8080-exec-3] o.s.web.servlet.DispatcherServlet        : Completed initialization in 28 ms
2020-10-18 19:23:05.762 ERROR 6392 --- [http-nio-8080-exec-3] c.bolsavalores.security.TokenAuthFilter  : Token inválido. 
2020-10-18 19:23:30.226 ERROR 6392 --- [http-nio-8080-exec-8] c.bolsavalores.security.TokenAuthFilter  : Token inválido. 
2020-10-18 19:24:22.713 ERROR 6392 --- [http-nio-8080-exec-4] c.bolsavalores.security.TokenAuthFilter  : Token inválido. 
2020-10-18 19:24:50.311 ERROR 6392 --- [http-nio-8080-exec-6] c.bolsavalores.security.TokenAuthFilter  : Token inválido. 
